20.12.17 20:51:26.626	================================================================================
20.12.17 20:51:26.636	Trace Log for 7cd6afad-4-131582622772671631 is started
20.12.17 20:51:26.636	================================================================================
20.12.17 20:51:26.643	System Environment
	OS Version: Microsoft Windows NT 6.3.9600.0
	.Net Framework Versions: v2.0.50727, v4.0.30319

	CLR Version: 4.0.30319.42000
	eXpressApp Version: 17.2.3.0
Application config
	Modules=
	ErrorReportEmail=
	ErrorReportEmailServer=
	SimpleErrorReportPage=
	RichErrorReportPage=Error.aspx
	EnableDiagnosticActions=False
20.12.17 20:51:26.643	The ValueManagerType is initialized by the default value: SimpleValueManager.
20.12.17 20:51:26.650	Stack trace:
   at DevExpress.Persistent.Base.ValueManager.CreateValueManager[ValueType](String key)
   at DevExpress.Persistent.Base.ValueManager.GetValueManager[ValueType](String key)
   at DevExpress.ExpressApp.Web.WebApplicationStyleManager.get_IsNewStyle()
   at DevExpress.ExpressApp.Web.Controls.ASPxProgressControl..ctor()
   at System.RuntimeTypeHandle.CreateInstance(RuntimeType type, Boolean publicOnly, Boolean noCheck, Boolean& canBeCached, RuntimeMethodHandleInternal& ctor, Boolean& bNeedSecurityCheck)
   at System.RuntimeType.CreateInstanceSlow(Boolean publicOnly, Boolean skipCheckThis, Boolean fillCache, StackCrawlMark& stackMark)
   at System.RuntimeType.CreateInstanceDefaultCtor(Boolean publicOnly, Boolean skipCheckThis, Boolean fillCache, StackCrawlMark& stackMark)
   at System.Activator.CreateInstance(Type type, Boolean nonPublic)
   at System.Activator.CreateInstance(Type type)
   at Microsoft.VisualStudio.Web.HTML.Implementation.Schemas.Generation.ElementType..ctor(Type t, SchemaItem si)
   at Microsoft.VisualStudio.Web.HTML.Implementation.Schemas.Generation.SchemaGenerator.GetElementType(Type type)
   at Microsoft.VisualStudio.Web.HTML.Implementation.Schemas.Generation.SchemaInfo.Populate(VsTargetFrameworkTypeFilter targetFrameworkTypeFilter)
   at Microsoft.VisualStudio.Web.HTML.Implementation.Schemas.Generation.SchemaGenerator.GenerateSchemaFile(SchemaData schemaData, SchemaInfoData[] SIDArray, String schemaPath)
   at Microsoft.VisualStudio.Web.HTML.Implementation.Schemas.Generation.CBMOutOfProcSchemaGeneratorCreateSchema.GenerateSchema(List`1 schemaInfoDatas, SchemaData schemaData, String schemaPath, VsTargetFrameworkTypeFilter targetFrameworkTypeFilter)
   at Microsoft.VisualStudio.Web.HTML.Implementation.Schemas.Generation.CBMOutOfProcSchemaGeneratorCreateSchema.Execute(ClientBuildManager cbm, IServiceProvider sp, List`1 registerDirectiveInfos, List`1 assembliesListsGenerateFrom, String schemaPath)

